<?xml version="1.0" encoding="UTF-8"?>
<!-- Generated by org.testng.reporters.JUnitXMLReporter -->
<testsuite ignored="0" hostname="MyNoteBook.local" failures="0" tests="3" name="Command line test" time="0.031" errors="0" timestamp="2020-03-25T20:59:25 IST">
  <testcase classname="qaclickacademy.AppiumTest" name="MobileAutomate" time="0.003"/>
  <testcase classname="qaclickacademy.seleniumTest" name="BrowserAutomation" time="0.001"/>
  <testcase classname="qaclickacademy.seleniumTest" name="ElementUi" time="0.0"/>
</testsuite> <!-- Command line test -->
