<?xml version="1.0" encoding="UTF-8"?>
<testng-results ignored="0" total="3" passed="3" failed="0" skipped="0">
  <reporter-output>
  </reporter-output>
  <suite started-at="2020-03-25T20:59:25 IST" name="Command line suite" finished-at="2020-03-25T20:59:25 IST" duration-ms="31">
    <groups>
    </groups>
    <test started-at="2020-03-25T20:59:25 IST" name="Command line test" finished-at="2020-03-25T20:59:25 IST" duration-ms="31">
      <class name="qaclickacademy.AppiumTest">
        <test-method signature="MobileAutomate()[pri:0, instance:qaclickacademy.AppiumTest@77ec78b9]" started-at="2020-03-25T20:59:25 IST" name="MobileAutomate" finished-at="2020-03-25T20:59:25 IST" duration-ms="3" status="PASS">
          <reporter-output>
          </reporter-output>
        </test-method> <!-- MobileAutomate -->
      </class> <!-- qaclickacademy.AppiumTest -->
      <class name="qaclickacademy.seleniumTest">
        <test-method signature="BrowserAutomation()[pri:0, instance:qaclickacademy.seleniumTest@1a3869f4]" started-at="2020-03-25T20:59:25 IST" name="BrowserAutomation" finished-at="2020-03-25T20:59:25 IST" duration-ms="1" status="PASS">
          <reporter-output>
          </reporter-output>
        </test-method> <!-- BrowserAutomation -->
        <test-method signature="ElementUi()[pri:0, instance:qaclickacademy.seleniumTest@1a3869f4]" started-at="2020-03-25T20:59:25 IST" name="ElementUi" finished-at="2020-03-25T20:59:25 IST" duration-ms="0" status="PASS">
          <reporter-output>
          </reporter-output>
        </test-method> <!-- ElementUi -->
      </class> <!-- qaclickacademy.seleniumTest -->
    </test> <!-- Command line test -->
  </suite> <!-- Command line suite -->
</testng-results>
