<?xml version="1.0" encoding="UTF-8"?>
<testng-results ignored="0" total="1" passed="1" failed="0" skipped="0">
  <reporter-output>
  </reporter-output>
  <suite started-at="2020-03-24T17:41:34 IST" name="Default suite" finished-at="2020-03-24T17:41:34 IST" duration-ms="37">
    <groups>
    </groups>
    <test started-at="2020-03-24T17:41:34 IST" name="Default test" finished-at="2020-03-24T17:41:34 IST" duration-ms="37">
      <class name="qaclickacademy.AppiumTest">
        <test-method signature="MobileAutomate()[pri:0, instance:qaclickacademy.AppiumTest@2cbb3d47]" started-at="2020-03-24T17:41:34 IST" name="MobileAutomate" finished-at="2020-03-24T17:41:34 IST" duration-ms="7" status="PASS">
          <reporter-output>
          </reporter-output>
        </test-method> <!-- MobileAutomate -->
      </class> <!-- qaclickacademy.AppiumTest -->
    </test> <!-- Default test -->
  </suite> <!-- Default suite -->
</testng-results>
